<?xml version="1.0" encoding="UTF-8"?>
<testsuite name="Login Test"
           tests="2"
           failures="0"
           errors="0"
           skipped="0"
           time="14.909">
  <properties />
  
  
            <testcase name="verifyProductAddedToShoppingCartSuccessFully" time="13.732" classname="com.nopcommerce.demo.testsuite.ComputerPageTest" />
                <testcase name="verifyProductArrangeInAlphabeticalOrder" time="1.177" classname="com.nopcommerce.demo.testsuite.ComputerPageTest" />
      
</testsuite>
